New log file opened at Wed Oct 26 16:21:01 PDT 2016 by 46922@FengnanYue-MBP.local
Taking next connection to: 59121
New client attempting to connect on port: 59122-59121
  Address = /172.29.93.91:59121
This client on port 59122 has uuid a037c2da-21a9-4cdd-8f51-3da5aa8425c6 configName activator humanReadableName Activator protocolVersion 3 featureTags Vector()
Connected Clients: activator-a037c2da-21a9-4cdd-8f51-3da5aa8425c6
Taking next connection to: 59121
Checking to see if clients are empty...
We have 1 non-daemon clients, continuing serving connections.
Taking next connection to: 59121
Checking to see if clients are empty...
We have 1 non-daemon clients, continuing serving connections.
Taking next connection to: 59121
New client attempting to connect on port: 59232-59121
  Address = /172.29.93.91:59121
Handshake exception on socket: 59232
sbt.impl.ipc.HandshakeException: Unable to perform handshake
	at sbt.impl.ipc.Peer.handshake(IPC.scala:46)
	at sbt.impl.ipc.MultiClientServer.<init>(IPC.scala:150)
	at sbt.server.SbtServerSocketHandler$$anon$1.run(SbtServerSocketHandler.scala:43)
Caused by: java.io.EOFException
	at java.io.DataInputStream.readInt(DataInputStream.java:392)
	at sbt.impl.ipc.Peer.receive(IPC.scala:95)
	at sbt.impl.ipc.Peer.handshake(IPC.scala:49)
	... 2 more
Taking next connection to: 59121
New client attempting to connect on port: 59233-59121
  Address = /172.29.93.91:59121
This client on port 59233 has uuid 83df7e53-307b-4317-a62c-4900a28eaa41 configName play-fork-run humanReadableName Play Fork Run protocolVersion 1 featureTags Vector()
Connected Clients: activator-a037c2da-21a9-4cdd-8f51-3da5aa8425c6, play-fork-run-83df7e53-307b-4317-a62c-4900a28eaa41
Taking next connection to: 59121
